11:11:31,650  INFO MyThread:39 - It is sout from Thread: a
11:11:31,653  INFO MyThread:39 - It is sout from Thread: a
11:11:31,654  INFO MyThread:39 - It is sout from Thread: a
11:11:31,654  INFO MyThread:39 - It is sout from Thread: a
11:11:31,654  INFO MyThread:39 - It is sout from Thread: a
11:11:31,654  INFO MyThread:39 - It is sout from Thread: a
11:11:31,654  INFO MyThread:39 - It is sout from Thread: a
11:11:31,654  INFO MyThread:39 - It is sout from Thread: a
11:11:31,654  INFO MyThread:39 - It is sout from Thread: a
11:11:31,655  INFO MyThread:39 - It is sout from Thread: a
11:11:31,655  INFO MyThread:39 - It is sout from Thread: a
11:11:31,655  INFO MyThread:39 - It is sout from Thread: a
11:11:31,655  INFO MyThread:39 - It is sout from Thread: a
11:11:31,655  INFO MyThread:39 - It is sout from Thread: a
11:11:31,655  INFO MyThread:39 - It is sout from Thread: a
11:11:31,655  INFO MyThread:39 - It is sout from Thread: a
11:11:31,656  INFO MyThread:39 - It is sout from Thread: a
11:11:31,656  INFO MyThread:39 - It is sout from Thread: a
11:11:31,656  INFO MyThread:39 - It is sout from Thread: a
11:11:31,656  INFO MyThread:39 - It is sout from Thread: a
11:11:31,656  INFO MyThread:39 - It is sout from Thread: a
11:11:31,656  INFO MyThread:39 - It is sout from Thread: a
11:11:31,656  INFO MyThread:39 - It is sout from Thread: a
11:11:31,656  INFO MyThread:39 - It is sout from Thread: a
11:11:31,656  INFO MyThread:39 - It is sout from Thread: a
11:11:31,656  INFO MyThread:39 - It is sout from Thread: a
11:11:31,657  INFO MyThread:39 - It is sout from Thread: a
11:11:31,657  INFO MyThread:39 - It is sout from Thread: a
11:11:31,657  INFO MyThread:39 - It is sout from Thread: a
11:11:31,657  INFO MyThread:39 - It is sout from Thread: a
11:11:31,658  INFO MyThread:39 - It is sout from Thread: a
11:11:31,658  INFO MyThread:39 - It is sout from Thread: a
11:11:31,658  INFO MyThread:39 - It is sout from Thread: a
11:11:31,658  INFO MyThread:39 - It is sout from Thread: a
11:11:31,658  INFO MyThread:39 - It is sout from Thread: a
11:11:31,658  INFO MyThread:39 - It is sout from Thread: a
11:11:31,658  INFO MyThread:39 - It is sout from Thread: a
11:11:31,658  INFO MyThread:39 - It is sout from Thread: a
11:11:31,658  INFO MyThread:39 - It is sout from Thread: a
11:11:31,659  INFO MyThread:39 - It is sout from Thread: a
11:11:31,660  INFO MyThread:39 - It is sout from Thread: a
11:11:31,661  INFO MyThread:39 - It is sout from Thread: a
11:11:31,661  INFO MyThread:39 - It is sout from Thread: a
11:11:31,661  INFO MyThread:39 - It is sout from Thread: a
11:11:31,661  INFO MyThread:39 - It is sout from Thread: a
11:11:31,661  INFO MyThread:39 - It is sout from Thread: a
11:11:31,662  INFO MyThread:39 - It is sout from Thread: a
11:11:31,662  INFO MyThread:39 - It is sout from Thread: a
11:11:31,662  INFO MyThread:39 - It is sout from Thread: a
11:11:31,662  INFO MyThread:39 - It is sout from Thread: a
11:11:31,662  INFO MyThread:39 - It is sout from Thread: a
11:11:31,662  INFO MyThread:39 - It is sout from Thread: a
11:11:31,663  INFO MyThread:39 - It is sout from Thread: a
11:11:31,663  INFO MyThread:39 - It is sout from Thread: a
11:11:31,663  INFO MyThread:39 - It is sout from Thread: a
11:11:31,664  INFO MyThread:39 - It is sout from Thread: a
11:11:31,664  INFO MyThread:39 - It is sout from Thread: a
11:11:31,664  INFO MyThread:39 - It is sout from Thread: a
11:11:31,664  INFO MyThread:39 - It is sout from Thread: a
11:11:31,664  INFO MyThread:39 - It is sout from Thread: a
11:11:31,664  INFO MyThread:39 - It is sout from Thread: a
11:11:31,665  INFO MyThread:39 - It is sout from Thread: a
11:11:31,665  INFO MyThread:39 - It is sout from Thread: a
11:11:31,665  INFO MyThread:39 - It is sout from Thread: a
11:11:31,665  INFO MyThread:39 - It is sout from Thread: a
11:11:31,665  INFO MyThread:39 - It is sout from Thread: a
11:11:31,665  INFO MyThread:39 - It is sout from Thread: a
11:11:31,666  INFO MyThread:39 - It is sout from Thread: a
11:11:31,666  INFO MyThread:39 - It is sout from Thread: a
11:11:31,666  INFO MyThread:39 - It is sout from Thread: a
11:11:31,666  INFO MyThread:39 - It is sout from Thread: a
11:11:31,666  INFO MyThread:39 - It is sout from Thread: a
11:11:31,666  INFO MyThread:39 - It is sout from Thread: a
11:11:31,667  INFO MyThread:39 - It is sout from Thread: a
11:11:31,667  INFO MyThread:39 - It is sout from Thread: a
11:11:31,668  INFO MyThread:39 - It is sout from Thread: a
11:11:31,668  INFO MyThread:39 - It is sout from Thread: a
11:11:31,668  INFO MyThread:39 - It is sout from Thread: a
11:11:31,668  INFO MyThread:39 - It is sout from Thread: a
11:11:31,668  INFO MyThread:39 - It is sout from Thread: a
11:11:31,668  INFO MyThread:39 - It is sout from Thread: a
11:11:31,669  INFO MyThread:39 - It is sout from Thread: a
11:11:31,669  INFO MyThread:39 - It is sout from Thread: a
11:11:31,669  INFO MyThread:39 - It is sout from Thread: a
11:11:31,669  INFO MyThread:39 - It is sout from Thread: a
11:11:31,669  INFO MyThread:39 - It is sout from Thread: a
11:11:31,669  INFO MyThread:39 - It is sout from Thread: a
11:11:31,670  INFO MyThread:39 - It is sout from Thread: a
11:11:31,670  INFO MyThread:39 - It is sout from Thread: a
11:11:31,670  INFO MyThread:39 - It is sout from Thread: a
11:11:31,670  INFO MyThread:39 - It is sout from Thread: a
11:11:31,670  INFO MyThread:39 - It is sout from Thread: a
11:11:31,670  INFO MyThread:39 - It is sout from Thread: a
11:11:31,670  INFO MyThread:39 - It is sout from Thread: a
11:11:31,670  INFO MyThread:39 - It is sout from Thread: a
11:11:31,670  INFO MyThread:39 - It is sout from Thread: a
11:11:31,671  INFO MyThread:39 - It is sout from Thread: a
11:11:31,671  INFO MyThread:39 - It is sout from Thread: a
11:11:31,671  INFO MyThread:39 - It is sout from Thread: a
11:11:31,671  INFO MyThread:39 - It is sout from Thread: a
11:11:31,671  INFO MyThread:39 - It is sout from Thread: b
11:11:31,671  INFO MyThread:39 - It is sout from Thread: b
11:11:31,671  INFO MyThread:39 - It is sout from Thread: b
11:11:31,671  INFO MyThread:39 - It is sout from Thread: b
11:11:31,672  INFO MyThread:39 - It is sout from Thread: b
11:11:31,672  INFO MyThread:39 - It is sout from Thread: b
11:11:31,672  INFO MyThread:39 - It is sout from Thread: b
11:11:31,672  INFO MyThread:39 - It is sout from Thread: b
11:11:31,672  INFO MyThread:39 - It is sout from Thread: b
11:11:31,672  INFO MyThread:39 - It is sout from Thread: b
11:11:31,672  INFO MyThread:39 - It is sout from Thread: b
11:11:31,672  INFO MyThread:39 - It is sout from Thread: b
11:11:31,672  INFO MyThread:39 - It is sout from Thread: b
11:11:31,672  INFO MyThread:39 - It is sout from Thread: b
11:11:31,672  INFO MyThread:39 - It is sout from Thread: b
11:11:31,673  INFO MyThread:39 - It is sout from Thread: b
11:11:31,673  INFO MyThread:39 - It is sout from Thread: b
11:11:31,673  INFO MyThread:39 - It is sout from Thread: b
11:11:31,673  INFO MyThread:39 - It is sout from Thread: b
11:11:31,673  INFO MyThread:39 - It is sout from Thread: b
11:11:31,673  INFO MyThread:39 - It is sout from Thread: b
11:11:31,673  INFO MyThread:39 - It is sout from Thread: b
11:11:31,674  INFO MyThread:39 - It is sout from Thread: b
11:11:31,674  INFO MyThread:39 - It is sout from Thread: b
11:11:31,674  INFO MyThread:39 - It is sout from Thread: b
11:11:31,674  INFO MyThread:39 - It is sout from Thread: b
11:11:31,674  INFO MyThread:39 - It is sout from Thread: b
11:11:31,674  INFO MyThread:39 - It is sout from Thread: b
11:11:31,674  INFO MyThread:39 - It is sout from Thread: b
11:11:31,675  INFO MyThread:39 - It is sout from Thread: b
11:11:31,675  INFO MyThread:39 - It is sout from Thread: b
11:11:31,675  INFO MyThread:39 - It is sout from Thread: b
11:11:31,675  INFO MyThread:39 - It is sout from Thread: b
11:11:31,675  INFO MyThread:39 - It is sout from Thread: b
11:11:31,675  INFO MyThread:39 - It is sout from Thread: b
11:11:31,675  INFO MyThread:39 - It is sout from Thread: b
11:11:31,675  INFO MyThread:39 - It is sout from Thread: b
11:11:31,675  INFO MyThread:39 - It is sout from Thread: b
11:11:31,675  INFO MyThread:39 - It is sout from Thread: b
11:11:31,675  INFO MyThread:39 - It is sout from Thread: b
11:11:31,675  INFO MyThread:39 - It is sout from Thread: b
11:11:31,675  INFO MyThread:39 - It is sout from Thread: b
11:11:31,676  INFO MyThread:39 - It is sout from Thread: b
11:11:31,676  INFO MyThread:39 - It is sout from Thread: b
11:11:31,676  INFO MyThread:39 - It is sout from Thread: b
11:11:31,676  INFO MyThread:39 - It is sout from Thread: b
11:11:31,676  INFO MyThread:39 - It is sout from Thread: b
11:11:31,676  INFO MyThread:39 - It is sout from Thread: b
11:11:31,676  INFO MyThread:39 - It is sout from Thread: b
11:11:31,676  INFO MyThread:39 - It is sout from Thread: b
11:11:31,676  INFO MyThread:39 - It is sout from Thread: b
11:11:31,676  INFO MyThread:39 - It is sout from Thread: b
11:11:31,676  INFO MyThread:39 - It is sout from Thread: b
11:11:31,676  INFO MyThread:39 - It is sout from Thread: b
11:11:31,676  INFO MyThread:39 - It is sout from Thread: b
11:11:31,677  INFO MyThread:39 - It is sout from Thread: b
11:11:31,677  INFO MyThread:39 - It is sout from Thread: b
11:11:31,677  INFO MyThread:39 - It is sout from Thread: b
11:11:31,677  INFO MyThread:39 - It is sout from Thread: b
11:11:31,677  INFO MyThread:39 - It is sout from Thread: b
11:11:31,677  INFO MyThread:39 - It is sout from Thread: b
11:11:31,678  INFO MyThread:39 - It is sout from Thread: b
11:11:31,678  INFO MyThread:39 - It is sout from Thread: b
11:11:31,678  INFO MyThread:39 - It is sout from Thread: b
11:11:31,678  INFO MyThread:39 - It is sout from Thread: b
11:11:31,678  INFO MyThread:39 - It is sout from Thread: b
11:11:31,678  INFO MyThread:39 - It is sout from Thread: b
11:11:31,678  INFO MyThread:39 - It is sout from Thread: b
11:11:31,678  INFO MyThread:39 - It is sout from Thread: b
11:11:31,678  INFO MyThread:39 - It is sout from Thread: b
11:11:31,678  INFO MyThread:39 - It is sout from Thread: b
11:11:31,679  INFO MyThread:39 - It is sout from Thread: b
11:11:31,679  INFO MyThread:39 - It is sout from Thread: b
11:11:31,679  INFO MyThread:39 - It is sout from Thread: b
11:11:31,679  INFO MyThread:39 - It is sout from Thread: b
11:11:31,679  INFO MyThread:39 - It is sout from Thread: b
11:11:31,679  INFO MyThread:39 - It is sout from Thread: b
11:11:31,679  INFO MyThread:39 - It is sout from Thread: b
11:11:31,679  INFO MyThread:39 - It is sout from Thread: b
11:11:31,679  INFO MyThread:39 - It is sout from Thread: b
11:11:31,679  INFO MyThread:39 - It is sout from Thread: b
11:11:31,679  INFO MyThread:39 - It is sout from Thread: b
11:11:31,680  INFO MyThread:39 - It is sout from Thread: b
11:11:31,680  INFO MyThread:39 - It is sout from Thread: b
11:11:31,680  INFO MyThread:39 - It is sout from Thread: b
11:11:31,680  INFO MyThread:39 - It is sout from Thread: b
11:11:31,680  INFO MyThread:39 - It is sout from Thread: b
11:11:31,681  INFO MyThread:39 - It is sout from Thread: b
11:11:31,682  INFO MyThread:39 - It is sout from Thread: b
11:11:31,682  INFO MyThread:39 - It is sout from Thread: b
11:11:31,683  INFO MyThread:39 - It is sout from Thread: b
11:11:31,683  INFO MyThread:39 - It is sout from Thread: b
11:11:31,683  INFO MyThread:39 - It is sout from Thread: b
11:11:31,683  INFO MyThread:39 - It is sout from Thread: b
11:11:31,683  INFO MyThread:39 - It is sout from Thread: b
11:11:31,683  INFO MyThread:39 - It is sout from Thread: b
11:11:31,683  INFO MyThread:39 - It is sout from Thread: b
11:11:31,683  INFO MyThread:39 - It is sout from Thread: b
11:11:31,683  INFO MyThread:39 - It is sout from Thread: b
11:11:31,683  INFO MyThread:39 - It is sout from Thread: b
11:11:31,683  INFO MyThread:39 - It is sout from Thread: c
11:11:31,684  INFO MyThread:39 - It is sout from Thread: c
11:11:31,684  INFO MyThread:39 - It is sout from Thread: c
11:11:31,684  INFO MyThread:39 - It is sout from Thread: c
11:11:31,684  INFO MyThread:39 - It is sout from Thread: c
11:11:31,684  INFO MyThread:39 - It is sout from Thread: c
11:11:31,684  INFO MyThread:39 - It is sout from Thread: c
11:11:31,684  INFO MyThread:39 - It is sout from Thread: c
11:11:31,684  INFO MyThread:39 - It is sout from Thread: c
11:11:31,685  INFO MyThread:39 - It is sout from Thread: c
11:11:31,685  INFO MyThread:39 - It is sout from Thread: c
11:11:31,685  INFO MyThread:39 - It is sout from Thread: c
11:11:31,685  INFO MyThread:39 - It is sout from Thread: c
11:11:31,685  INFO MyThread:39 - It is sout from Thread: c
11:11:31,685  INFO MyThread:39 - It is sout from Thread: c
11:11:31,685  INFO MyThread:39 - It is sout from Thread: c
11:11:31,685  INFO MyThread:39 - It is sout from Thread: c
11:11:31,685  INFO MyThread:39 - It is sout from Thread: c
11:11:31,685  INFO MyThread:39 - It is sout from Thread: c
11:11:31,685  INFO MyThread:39 - It is sout from Thread: c
11:11:31,685  INFO MyThread:39 - It is sout from Thread: c
11:11:31,685  INFO MyThread:39 - It is sout from Thread: c
11:11:31,685  INFO MyThread:39 - It is sout from Thread: c
11:11:31,686  INFO MyThread:39 - It is sout from Thread: c
11:11:31,686  INFO MyThread:39 - It is sout from Thread: c
11:11:31,686  INFO MyThread:39 - It is sout from Thread: c
11:11:31,686  INFO MyThread:39 - It is sout from Thread: c
11:11:31,686  INFO MyThread:39 - It is sout from Thread: c
11:11:31,686  INFO MyThread:39 - It is sout from Thread: c
11:11:31,686  INFO MyThread:39 - It is sout from Thread: c
11:11:31,686  INFO MyThread:39 - It is sout from Thread: c
11:11:31,686  INFO MyThread:39 - It is sout from Thread: c
11:11:31,686  INFO MyThread:39 - It is sout from Thread: c
11:11:31,686  INFO MyThread:39 - It is sout from Thread: c
11:11:31,686  INFO MyThread:39 - It is sout from Thread: c
11:11:31,686  INFO MyThread:39 - It is sout from Thread: c
11:11:31,686  INFO MyThread:39 - It is sout from Thread: c
11:11:31,686  INFO MyThread:39 - It is sout from Thread: c
11:11:31,686  INFO MyThread:39 - It is sout from Thread: c
11:11:31,686  INFO MyThread:39 - It is sout from Thread: c
11:11:31,687  INFO MyThread:39 - It is sout from Thread: c
11:11:31,687  INFO MyThread:39 - It is sout from Thread: c
11:11:31,687  INFO MyThread:39 - It is sout from Thread: c
11:11:31,687  INFO MyThread:39 - It is sout from Thread: c
11:11:31,687  INFO MyThread:39 - It is sout from Thread: c
11:11:31,687  INFO MyThread:39 - It is sout from Thread: c
11:11:31,687  INFO MyThread:39 - It is sout from Thread: c
11:11:31,687  INFO MyThread:39 - It is sout from Thread: c
11:11:31,687  INFO MyThread:39 - It is sout from Thread: c
11:11:31,687  INFO MyThread:39 - It is sout from Thread: c
11:11:31,687  INFO MyThread:39 - It is sout from Thread: c
11:11:31,689  INFO MyThread:39 - It is sout from Thread: c
11:11:31,690  INFO MyThread:39 - It is sout from Thread: c
11:11:31,690  INFO MyThread:39 - It is sout from Thread: c
11:11:31,691  INFO MyThread:39 - It is sout from Thread: c
11:11:31,694  INFO MyThread:39 - It is sout from Thread: c
11:11:31,695  INFO MyThread:39 - It is sout from Thread: c
11:11:31,695  INFO MyThread:39 - It is sout from Thread: c
11:11:31,695  INFO MyThread:39 - It is sout from Thread: c
11:11:31,695  INFO MyThread:39 - It is sout from Thread: c
11:11:31,695  INFO MyThread:39 - It is sout from Thread: c
11:11:31,695  INFO MyThread:39 - It is sout from Thread: c
11:11:31,695  INFO MyThread:39 - It is sout from Thread: c
11:11:31,695  INFO MyThread:39 - It is sout from Thread: c
11:11:31,696  INFO MyThread:39 - It is sout from Thread: c
11:11:31,696  INFO MyThread:39 - It is sout from Thread: c
11:11:31,697  INFO MyThread:39 - It is sout from Thread: c
11:11:31,699  INFO MyThread:39 - It is sout from Thread: c
11:11:31,700  INFO MyThread:39 - It is sout from Thread: c
11:11:31,700  INFO MyThread:39 - It is sout from Thread: c
11:11:31,700  INFO MyThread:39 - It is sout from Thread: c
11:11:31,700  INFO MyThread:39 - It is sout from Thread: c
11:11:31,700  INFO MyThread:39 - It is sout from Thread: c
11:11:31,700  INFO MyThread:39 - It is sout from Thread: c
11:11:31,700  INFO MyThread:39 - It is sout from Thread: c
11:11:31,700  INFO MyThread:39 - It is sout from Thread: c
11:11:31,702  INFO MyThread:39 - It is sout from Thread: c
11:11:31,702  INFO MyThread:39 - It is sout from Thread: c
11:11:31,702  INFO MyThread:39 - It is sout from Thread: c
11:11:31,703  INFO MyThread:39 - It is sout from Thread: c
11:11:31,703  INFO MyThread:39 - It is sout from Thread: c
11:11:31,703  INFO MyThread:39 - It is sout from Thread: c
11:11:31,704  INFO MyThread:39 - It is sout from Thread: c
11:11:31,707  INFO MyThread:39 - It is sout from Thread: c
11:11:31,707  INFO MyThread:39 - It is sout from Thread: c
11:11:31,708  INFO MyThread:39 - It is sout from Thread: c
11:11:31,708  INFO MyThread:39 - It is sout from Thread: c
11:11:31,708  INFO MyThread:39 - It is sout from Thread: c
11:11:31,708  INFO MyThread:39 - It is sout from Thread: c
11:11:31,708  INFO MyThread:39 - It is sout from Thread: c
11:11:31,708  INFO MyThread:39 - It is sout from Thread: c
11:11:31,708  INFO MyThread:39 - It is sout from Thread: c
11:11:31,708  INFO MyThread:39 - It is sout from Thread: c
11:11:31,708  INFO MyThread:39 - It is sout from Thread: c
11:11:31,708  INFO MyThread:39 - It is sout from Thread: c
11:11:31,708  INFO MyThread:39 - It is sout from Thread: c
11:11:31,708  INFO MyThread:39 - It is sout from Thread: c
11:11:31,708  INFO MyThread:39 - It is sout from Thread: c
11:11:31,708  INFO MyThread:39 - It is sout from Thread: c
11:11:31,708  INFO MyThread:39 - It is sout from Thread: c
11:26:05,401  INFO Solution:25 - Пока
11:26:05,412  INFO Solution:25 - Привет
11:26:05,412  INFO Solution:25 - Как дела?
11:26:05,413  INFO Solution:25 - Ок
11:28:59,372  INFO Solution:28 - Пока
11:28:59,374  INFO Solution:28 - Привет
11:28:59,374  INFO Solution:28 - Как дела?
11:28:59,374  INFO Solution:28 - Ок
11:31:17,832  INFO Solution:28 - Привет
11:31:17,834  INFO Solution:28 - Как дела?
14:39:03,751  INFO Main:32 - [Полари, Подсказчик]
14:41:32,673  INFO Solution:26 - Сумма всех чисел в списке: 222
14:41:32,676  INFO Solution:28 - Среднее значение всех чисел в списке: 37
14:42:20,448  INFO Solution:26 - Сумма всех чисел в списке: 222
14:42:20,450  INFO Solution:28 - Среднее значение всех чисел в списке: 37
14:42:20,455  INFO Solution:36 - Количество чисел в списке, с значением выше 10: 3
14:51:33,266  INFO PhoneBook:21 - Добавлен новый контакт: Alice +79409528512
14:51:33,268  INFO PhoneBook:21 - Добавлен новый контакт: David +79817428419
14:51:33,268  INFO PhoneBook:21 - Добавлен новый контакт: Anna +79097562785
14:51:33,268  INFO PhoneBook:21 - Добавлен новый контакт: Tom +791169346941
14:51:33,272  INFO Solution:18 -  PhoneBook{{Tom=+791169346941, Alice=+79409528512, David=+79817428419, Anna=+79097562785}}
14:51:33,272  WARN PhoneBook:16 - +791169346941
14:51:33,273  WARN PhoneBook:16 - Такой записи в книге нет.
14:51:33,273  WARN PhoneBook:27 - Запись с именем Anna удалена!
14:51:33,273  WARN PhoneBook:30 - Такой записи в книге нет.
14:51:33,274  INFO Solution:29 -  PhoneBook{{Tom=+791169346941, Alice=+79409528512, David=+79817428419}}
14:54:44,465  INFO PhoneBook:21 - Добавлен новый контакт: Alice +79409528512
14:54:44,467  INFO PhoneBook:21 - Добавлен новый контакт: David +79817428419
14:54:44,467  INFO PhoneBook:21 - Добавлен новый контакт: Anna +79097562785
14:54:44,467  INFO PhoneBook:21 - Добавлен новый контакт: Tom +791169346941
14:54:44,470  INFO Solution:18 -  PhoneBook{{Tom=+791169346941, Alice=+79409528512, David=+79817428419, Anna=+79097562785}}
14:54:44,471  WARN PhoneBook:16 - +791169346941
14:54:44,471  WARN PhoneBook:16 - Такой записи в книге нет.
14:54:44,472  WARN PhoneBook:27 - Запись с именем Anna удалена!
14:54:44,472  WARN PhoneBook:30 - Такой записи в книге нет.
14:54:44,472  INFO Solution:29 -  PhoneBook{{Tom=+791169346941, Alice=+79409528512, David=+79817428419}}
14:55:15,155  INFO Solution:24 - Содержимое коллекции words:
14:55:15,157  INFO Solution:26 - sdfdgfdf 
14:55:15,157  INFO Solution:26 - dfhdfhdf 
14:55:15,157  INFO Solution:26 - sdfdsf 
14:55:15,157  INFO Solution:26 - dsgdg 
14:55:36,082  INFO Solution:29 - {world=2, java=1, hello=3}
14:55:56,447  INFO Solution:29 -  {world=2, java=1, hello=3}
14:57:31,855  INFO Solution:25 - Пересечение множеств: [5, 6, 7, 8, 9, 10]
14:57:31,857  INFO Solution:29 - Объединение множеств: [1, 2, 3, 4, 5, 6, 7, 8, 9, 10, 11, 12, 13, 14, 15]
14:57:31,858  INFO Solution:34 - Разность первого множества и второго: [1, 2, 3, 4]
15:02:23,993  INFO Main:22 - Натуральный порядок сортировки: 
15:02:24,002  INFO Main:24 - [Employee{Anna 90000}, Employee{Boris 80000}, Employee{Maria 83000}, Employee{Sergey 95000}]
15:02:24,003  INFO Main:27 - Сортировка с помощью Comparator по зарплате: 
15:02:24,003  INFO Main:29 - [Employee{Boris 80000}, Employee{Maria 83000}, Employee{Anna 90000}, Employee{Sergey 95000}]
15:02:24,004  INFO Main:31 - Натуральная сортировка древа: 
15:02:24,004  INFO Main:34 - [Employee{Anna 90000}, Employee{Boris 80000}, Employee{Maria 83000}, Employee{Sergey 95000}]
15:02:24,004  INFO Main:36 - Сортировка древа с помощью Comparator по зарплате: 
15:02:24,004  INFO Main:39 - [Employee{Boris 80000}, Employee{Maria 83000}, Employee{Anna 90000}, Employee{Sergey 95000}]
